{
  "RSpec": {
    "coverage": {
      "/home/nirmal/test_tasks/backend-programming-challenge/programming-challenge/spec/executer_spec.rb": {
        "lines": [
          null,
          null,
          1,
          null,
          1,
          1,
          1,
          4,
          null,
          1,
          1,
          null,
          null,
          1,
          1,
          1,
          null,
          null,
          null,
          null,
          null,
          1,
          1,
          1,
          null,
          null,
          null,
          null,
          null,
          null,
          null
        ]
      },
      "/home/nirmal/test_tasks/backend-programming-challenge/programming-challenge/lib/executer.rb": {
        "lines": [
          null,
          null,
          1,
          null,
          null,
          1,
          1,
          5,
          5,
          null,
          4,
          null,
          null,
          null,
          1
        ]
      },
      "/home/nirmal/test_tasks/backend-programming-challenge/programming-challenge/lib/journey.rb": {
        "lines": [
          null,
          null,
          1,
          1,
          1,
          1,
          null,
          null,
          1,
          1,
          null,
          1,
          8,
          8,
          null,
          null,
          1,
          7,
          null,
          4,
          4,
          4,
          null,
          null,
          1,
          null,
          1,
          7,
          null,
          null,
          1,
          3,
          null,
          null,
          1,
          4,
          null,
          null,
          1,
          4,
          null,
          4,
          12,
          12,
          12,
          12,
          12,
          12,
          null,
          null,
          null,
          1,
          4,
          4,
          4,
          4,
          null,
          null,
          1,
          4,
          null,
          4,
          16,
          4,
          null,
          null,
          1,
          4,
          null,
          4,
          12,
          4,
          null,
          null
        ]
      },
      "/home/nirmal/test_tasks/backend-programming-challenge/programming-challenge/lib/parsers/time_parser.rb": {
        "lines": [
          null,
          null,
          null,
          1,
          1,
          33,
          null,
          null,
          1,
          83,
          null,
          null,
          1,
          95,
          null,
          null
        ]
      },
      "/home/nirmal/test_tasks/backend-programming-challenge/programming-challenge/lib/formatters/formatter.rb": {
        "lines": [
          null,
          null,
          1,
          null,
          null,
          1,
          1,
          null,
          1,
          31,
          null,
          null,
          1,
          null,
          497,
          null,
          495,
          495,
          null,
          null,
          1,
          502,
          null,
          null,
          1,
          null,
          1,
          495,
          null,
          1,
          null,
          null
        ]
      },
      "/home/nirmal/test_tasks/backend-programming-challenge/programming-challenge/lib/formatters/file_types/file_formatter.rb": {
        "lines": [
          null,
          null,
          null,
          1,
          1,
          495,
          6,
          489,
          77,
          412,
          4,
          null,
          408,
          null,
          990,
          null,
          null
        ]
      },
      "/home/nirmal/test_tasks/backend-programming-challenge/programming-challenge/lib/journey/search_result.rb": {
        "lines": [
          null,
          null,
          1,
          1,
          null,
          null,
          1,
          1,
          null,
          null,
          null,
          null,
          null,
          null,
          1,
          18,
          null,
          null,
          1,
          13,
          null,
          null,
          1,
          17,
          46,
          46,
          46,
          46,
          46,
          null,
          null,
          null,
          1,
          18,
          18,
          18,
          18,
          null,
          null,
          1,
          13,
          13,
          13,
          13,
          17,
          null,
          null,
          null,
          13,
          null,
          null,
          1,
          null,
          1,
          18,
          null,
          17,
          null,
          null,
          1,
          18,
          18,
          null,
          16,
          30,
          null,
          16,
          null,
          null,
          1,
          18,
          null,
          17,
          null,
          null
        ]
      },
      "/home/nirmal/test_tasks/backend-programming-challenge/programming-challenge/lib/journey/connection.rb": {
        "lines": [
          null,
          null,
          1,
          1,
          1,
          null,
          null,
          1,
          1,
          null,
          null,
          null,
          null,
          null,
          null,
          null,
          null,
          1,
          57,
          null,
          null,
          1,
          57,
          57,
          57,
          57,
          57,
          57,
          null,
          null,
          1,
          47,
          47,
          47,
          47,
          47,
          47,
          null,
          null,
          1,
          49,
          108,
          108,
          108,
          108,
          null,
          null,
          null,
          1,
          48,
          null,
          null,
          1,
          null,
          1,
          57,
          null,
          56,
          null,
          null
        ]
      },
      "/home/nirmal/test_tasks/backend-programming-challenge/programming-challenge/lib/journey/fare.rb": {
        "lines": [
          null,
          null,
          null,
          1,
          1,
          null,
          1,
          111,
          null,
          null,
          1,
          111,
          111,
          111,
          null,
          null,
          1,
          109,
          null,
          null
        ]
      },
      "/home/nirmal/test_tasks/backend-programming-challenge/programming-challenge/lib/journey/interchange.rb": {
        "lines": [
          null,
          null,
          null,
          1,
          1,
          null,
          1,
          32,
          32,
          32,
          null,
          null,
          null,
          null,
          1,
          18,
          null,
          null
        ]
      },
      "/home/nirmal/test_tasks/backend-programming-challenge/programming-challenge/spec/formatters/file_types/file_formatter_spec.rb": {
        "lines": [
          null,
          null,
          1,
          null,
          1,
          1,
          1,
          2,
          null,
          1,
          1,
          null,
          null,
          null,
          null
        ]
      },
      "/home/nirmal/test_tasks/backend-programming-challenge/programming-challenge/spec/formatters/formatter_spec.rb": {
        "lines": [
          null,
          null,
          1,
          1,
          null,
          1,
          1,
          3,
          null,
          1,
          1,
          1,
          2,
          null,
          1,
          1,
          1,
          null,
          null,
          null,
          1,
          2,
          null,
          2,
          null,
          1,
          1,
          null,
          null,
          null,
          null,
          1,
          1,
          1,
          1,
          null,
          null,
          1,
          1,
          null,
          null,
          null,
          null,
          null
        ]
      },
      "/home/nirmal/test_tasks/backend-programming-challenge/programming-challenge/spec/journey/connection_spec.rb": {
        "lines": [
          null,
          null,
          1,
          null,
          1,
          1,
          8,
          null,
          1,
          1,
          2,
          null,
          1,
          1,
          1,
          1,
          1,
          1,
          1,
          null,
          null,
          null,
          1,
          2,
          null,
          1,
          1,
          1,
          1,
          1,
          1,
          1,
          null,
          null,
          null,
          null,
          1,
          1,
          1,
          1,
          null,
          null,
          1,
          1,
          null,
          null,
          null,
          1,
          1,
          1,
          1,
          1,
          null,
          1,
          1,
          null,
          null,
          null,
          1,
          1,
          1,
          1,
          null,
          1,
          1,
          null,
          null,
          null,
          null,
          1,
          1,
          1,
          1,
          1,
          null,
          null,
          1,
          1,
          null,
          null,
          null,
          1,
          1,
          1,
          1,
          null,
          null,
          1,
          1,
          null,
          null,
          null,
          null,
          null
        ]
      },
      "/home/nirmal/test_tasks/backend-programming-challenge/programming-challenge/spec/journey/fare_spec.rb": {
        "lines": [
          null,
          null,
          1,
          null,
          1,
          4,
          null,
          1,
          1,
          1,
          1,
          1,
          1,
          1,
          1,
          null,
          null,
          null,
          1,
          1,
          1,
          1,
          1,
          1,
          null,
          null,
          null,
          null,
          1,
          1,
          1,
          1,
          null,
          null,
          1,
          1,
          null,
          null,
          null,
          null
        ]
      },
      "/home/nirmal/test_tasks/backend-programming-challenge/programming-challenge/spec/journey/interchange_spec.rb": {
        "lines": [
          null,
          null,
          1,
          1,
          null,
          1,
          1,
          3,
          null,
          3,
          null,
          3,
          null,
          1,
          2,
          2,
          null,
          null,
          1,
          1,
          1,
          1,
          1,
          null,
          null,
          null,
          1,
          1,
          1,
          null,
          null,
          null,
          null,
          null,
          null
        ]
      },
      "/home/nirmal/test_tasks/backend-programming-challenge/programming-challenge/spec/journey/search_result_spec.rb": {
        "lines": [
          null,
          null,
          1,
          null,
          1,
          1,
          7,
          null,
          1,
          1,
          1,
          1,
          1,
          null,
          null,
          1,
          1,
          null,
          null,
          null,
          1,
          1,
          1,
          1,
          1,
          null,
          1,
          1,
          null,
          null,
          null,
          1,
          1,
          1,
          1,
          null,
          1,
          1,
          null,
          null,
          null,
          null,
          1,
          1,
          1,
          1,
          1,
          1,
          null,
          null,
          1,
          1,
          1,
          1,
          1,
          null,
          null,
          null,
          1,
          2,
          null,
          1,
          1,
          1,
          1,
          1,
          null,
          null,
          null,
          null,
          1,
          1,
          1,
          1,
          1,
          1,
          null,
          null,
          1,
          1,
          null,
          null,
          null,
          null
        ]
      },
      "/home/nirmal/test_tasks/backend-programming-challenge/programming-challenge/spec/journey_spec.rb": {
        "lines": [
          null,
          null,
          1,
          null,
          1,
          1,
          1,
          1,
          null,
          null,
          1,
          1,
          1,
          1,
          1,
          null,
          null,
          1,
          1,
          null,
          null,
          null,
          1,
          1,
          1,
          null,
          null,
          1,
          1,
          null,
          null,
          null,
          null,
          1,
          2,
          null,
          1,
          1,
          1,
          1,
          null,
          null,
          null,
          null,
          null
        ]
      },
      "/home/nirmal/test_tasks/backend-programming-challenge/programming-challenge/spec/parsers/file_parser_spec.rb": {
        "lines": [
          null,
          null,
          1,
          null,
          1,
          1,
          1,
          1,
          1,
          1,
          1,
          1,
          null,
          null,
          null,
          1,
          1,
          1,
          1,
          null,
          null,
          null,
          null,
          1,
          1,
          1,
          1,
          null,
          null,
          null,
          null,
          null
        ]
      },
      "/home/nirmal/test_tasks/backend-programming-challenge/programming-challenge/spec/parsers/file_parsers/xml_file_parser_spec.rb": {
        "lines": [
          null,
          null,
          1,
          null,
          1,
          1,
          1,
          1,
          1,
          1,
          1,
          1,
          1,
          1,
          1,
          1,
          1,
          1,
          1,
          1,
          1,
          1,
          null,
          null,
          null,
          1,
          1,
          1,
          1,
          null,
          null,
          null,
          null,
          null
        ]
      },
      "/home/nirmal/test_tasks/backend-programming-challenge/programming-challenge/spec/parsers/time_parser_spec.rb": {
        "lines": [
          null,
          null,
          1,
          null,
          1,
          1,
          1,
          1,
          1,
          1,
          1,
          null,
          null,
          null,
          1,
          1,
          1,
          null,
          null,
          null,
          1,
          1,
          1,
          null,
          null,
          null,
          null,
          null,
          null
        ]
      }
    },
    "timestamp": 1624622820
  }
}
